<?xml version="1.0" encoding="UTF-8"?>
<testsuite name="MazeRunnerTest" tests="1" skipped="0" failures="0" errors="0" timestamp="2022-09-23T20:37:21" hostname="DESKTOP-5U6L102" time="2.205">
  <properties/>
  <testcase name="start" classname="MazeRunnerTest" time="2.205"/>
  <system-out><![CDATA[?[1;31m
Start test 1?[0m
Please, enter the size of a maze
> 7 9
██████████████████
                ██
██  ██  ██  ██████
██  ██  ██        
██  ██████  ██████
██  ██          ██
██████████████████
?[1;31m
Start test 2?[0m
Please, enter the size of a maze
> 15 35
██████████████████████████████████████████████████████████████████████
            ██      ██                  ██              ██          ██
██  ██████  ██████  ██  ██████  ██  ██  ██  ██  ██████  ██  ██████████
██  ██  ██  ██      ██      ██  ██  ██      ██      ██      ██        
██████  ██  ██  ██████  ██████████  ██  ██  ██  ██████  ██  ██  ██████
██      ██      ██          ██      ██  ██  ██  ██      ██          ██
██████  ██  ██  ██████  ██  ██████████████  ██████  ██  ██  ██████  ██
██          ██          ██  ██                  ██  ██  ██  ██  ██  ██
██  ██████████████  ██  ██  ██  ██████  ██  ██  ██████  ██████  ██████
██      ██          ██  ██  ██      ██  ██  ██      ██              ██
██  ██████  ██  ██████  ██  ██████  ██  ██████████  ██████████  ██  ██
██  ██      ██      ██  ██  ██      ██      ██          ██      ██  ██
██████  ██████████████████  ██████████  ██████████  ██  ██████████  ██
██                      ██      ██              ██  ██      ██      ██
██████████████████████████████████████████████████████████████████████
?[1;31m
Start test 3?[0m
Please, enter the size of a maze
> 15 35
██████████████████████████████████████████████████████████████████████
                                            ██  ██                  ██
██  ██  ██  ██  ██████  ██  ██  ██████  ██  ██  ██  ██████████████  ██
██  ██  ██  ██      ██  ██  ██      ██  ██          ██          ██    
██  ██████████████████  ██  ██  ██████  ██  ██  ██  ██  ██████  ██████
██      ██          ██  ██  ██  ██      ██  ██  ██  ██      ██      ██
██████  ██████████  ██████████  ██████████  ██  ██████  ██████  ██████
██              ██  ██                  ██  ██              ██      ██
██  ██  ██  ██  ██  ██  ██████████  ██████  ██████  ██████████  ██  ██
██  ██  ██  ██      ██  ██          ██          ██          ██  ██  ██
██  ██████  ██████████████████  ██████████████████████  ██  ██████████
██      ██          ██                  ██              ██          ██
██  ██  ██  ██████  ██████  ██  ██  ██  ██████  ██  ██  ██████████  ██
██  ██  ██      ██      ██  ██  ██  ██      ██  ██  ██  ██          ██
██████████████████████████████████████████████████████████████████████
?[1;31m
Start test 4?[0m
Please, enter the size of a maze
> 15 35
██████████████████████████████████████████████████████████████████████
            ██                                          ██  ██      ██
██████████  ██  ██  ██████████  ██████  ██████████████  ██  ██  ██████
██      ██      ██  ██      ██      ██          ██      ██            
██████  ██  ██  ██  ██████  ██████  ██████  ██████  ██  ██  ██████████
██  ██      ██  ██  ██  ██              ██      ██  ██  ██  ██      ██
██  ██████  ██████████  ██  ██  ██  ██████████  ██  ██████  ██  ██████
██                  ██      ██  ██  ██      ██  ██                  ██
██  ██████  ██  ██  ██  ██  ██████  ██  ██████████████  ██  ██  ██████
██      ██  ██  ██  ██  ██      ██  ██  ██  ██      ██  ██  ██      ██
██  ██  ██████  ██  ██  ██  ██  ██  ██  ██  ██  ██████████  ██  ██████
██  ██      ██  ██  ██  ██  ██  ██  ██  ██                  ██      ██
██  ██  ██  ██  ██████  ██  ██████████  ██  ██  ██████████  ██████  ██
██  ██  ██  ██      ██  ██          ██      ██  ██              ██  ██
██████████████████████████████████████████████████████████████████████
?[1;31m
Start test 5?[0m
Please, enter the size of a maze
> 15 35
██████████████████████████████████████████████████████████████████████
                                                    ██  ██  ██      ██
██  ██████  ██  ██████  ██████████████  ██  ██  ██████  ██  ██  ██████
██  ██  ██  ██      ██      ██          ██  ██                        
██  ██  ██████████████  ██  ██████  ██  ██████████  ██████  ██  ██  ██
██              ██      ██      ██  ██      ██  ██      ██  ██  ██  ██
██  ██  ██████  ██████████  ██  ██  ██  ██████  ██  ██████  ██████  ██
██  ██      ██  ██      ██  ██  ██  ██      ██  ██  ██      ██      ██
██████  ██████████  ██  ██  ██  ██  ██████████  ██████  ██  ██████  ██
██  ██  ██      ██  ██      ██  ██  ██      ██      ██  ██      ██  ██
██  ██████  ██████  ██  ██  ██  ██████  ██████  ██  ██  ██  ██████████
██                  ██  ██  ██                  ██  ██  ██  ██  ██  ██
██  ██  ██  ██████████  ██  ██  ██████  ██  ██  ██████  ██  ██  ██  ██
██  ██  ██  ██          ██  ██      ██  ██  ██      ██  ██          ██
██████████████████████████████████████████████████████████████████████
?[1;31m
Start test 6?[0m
Please, enter the size of a maze
> 15 35
██████████████████████████████████████████████████████████████████████
                                            ██                      ██
██  ██  ██████  ██  ██  ██  ██  ██████████  ██  ██████████████  ██  ██
██  ██  ██      ██  ██  ██  ██      ██      ██              ██  ██    
██████  ██  ██  ██████████████████████  ██  ██████████  ██████████████
██  ██  ██  ██                  ██      ██                          ██
██  ██  ██████████████  ██  ██████  ██  ██████████  ██  ██  ██  ██  ██
██          ██  ██      ██  ██      ██      ██      ██  ██  ██  ██  ██
██  ██  ██████  ██  ██████  ██████  ██  ██  ██  ██  ██  ██████  ██  ██
██  ██      ██  ██  ██          ██  ██  ██  ██  ██  ██      ██  ██  ██
██  ██████████  ██  ██████  ██████████  ██  ██████████████████████  ██
██      ██              ██          ██  ██                  ██      ██
██  ██  ██████████  ██  ██████  ██  ██  ██████  ██  ██  ██  ██  ██  ██
██  ██          ██  ██  ██      ██  ██      ██  ██  ██  ██  ██  ██  ██
██████████████████████████████████████████████████████████████████████
?[1;31m
Start test 7?[0m
Please, enter the size of a maze
> 15 35
██████████████████████████████████████████████████████████████████████
                                    ██      ██                      ██
██  ██████  ██████  ██████  ██  ██  ██  ██  ██  ██████  ██  ██  ██  ██
██  ██      ██          ██  ██  ██      ██          ██  ██  ██  ██    
██████  ██████████  ██  ██  ██  ██  ██████  ██████  ██████  ██  ██████
██              ██  ██  ██  ██  ██  ██      ██      ██      ██      ██
██  ██  ██  ██  ██  ██  ██████  ██████  ██████  ██  ██████████████  ██
██  ██  ██  ██  ██  ██      ██  ██          ██  ██          ██      ██
██  ██  ██  ██  ██  ██████  ██████████████  ██  ██████  ██████████  ██
██  ██  ██  ██  ██      ██  ██              ██  ██  ██          ██  ██
██  ██████████████████  ██████████  ██  ██  ██  ██  ██  ██████  ██  ██
██      ██  ██          ██      ██  ██  ██  ██  ██          ██  ██  ██
██  ██████  ██  ██  ██████  ██████████████  ██████  ██  ██████████  ██
██      ██      ██                      ██      ██  ██          ██  ██
██████████████████████████████████████████████████████████████████████
?[1;31m
Start test 8?[0m
Please, enter the size of a maze
> 15 35
██████████████████████████████████████████████████████████████████████
                                            ██                      ██
██  ██████████  ██████  ██████  ██████  ██  ██████  ██████████  ██████
██  ██          ██  ██  ██      ██  ██  ██  ██              ██        
██████████  ██  ██  ██  ██  ██████  ██  ██  ██  ██████  ██  ██  ██  ██
██      ██  ██      ██  ██  ██          ██          ██  ██  ██  ██  ██
██████  ██  ██████████  ██████████████████  ██  ██████  ██  ██████  ██
██      ██  ██                          ██  ██      ██  ██      ██  ██
██  ██████████  ██  ██  ██  ██████  ██████████  ██████████  ██  ██████
██              ██  ██  ██      ██  ██  ██          ██      ██      ██
██  ██████████████  ██  ██  ██████  ██  ██  ██  ██  ██  ██  ██  ██  ██
██  ██              ██  ██  ██      ██      ██  ██  ██  ██  ██  ██  ██
██  ██  ██████  ██  ██  ██████████  ██  ██████████  ██  ██████  ██  ██
██  ██      ██  ██  ██      ██      ██  ██          ██  ██      ██  ██
██████████████████████████████████████████████████████████████████████
?[1;31m
Start test 9?[0m
Please, enter the size of a maze
> 15 35
██████████████████████████████████████████████████████████████████████
                                ██  ██      ██          ██  ██      ██
██  ██████  ██  ██████████████████  ██████  ██  ██  ██████  ██  ██████
██  ██  ██  ██  ██      ██  ██      ██          ██                    
██  ██  ██████████  ██████  ██  ██████  ██████  ██████  ██  ██  ██████
██                      ██                  ██      ██  ██  ██      ██
██  ██  ██  ██  ██████████  ██████  ██████  ██  ██████  ██████  ██████
██  ██  ██  ██  ██          ██          ██  ██      ██      ██      ██
██████  ██  ██████  ██████████████  ██  ██  ██  ██████████  ██████  ██
██      ██      ██      ██  ██      ██  ██  ██      ██      ██      ██
██  ██████  ██  ██  ██████  ██████  ██████████████████  ██████  ██  ██
██  ██  ██  ██      ██      ██          ██  ██              ██  ██  ██
██  ██  ██  ██████  ██████  ██  ██████████  ██████████  ██████████  ██
██  ██      ██      ██                              ██          ██  ██
██████████████████████████████████████████████████████████████████████
?[1;31m
Start test 10?[0m
Please, enter the size of a maze
> 34 23
██████████████████████████████████████████████
                                    ██      ██
██  ██  ██  ██████████████  ██████  ██  ██████
██  ██  ██              ██  ██  ██            
██  ██████  ██  ██████████  ██  ██  ██  ██  ██
██      ██  ██          ██  ██  ██  ██  ██  ██
██  ██████████████  ██████████  ██████████  ██
██      ██      ██      ██  ██          ██  ██
██████████████  ██  ██████  ██  ██████████  ██
██                  ██      ██      ██  ██  ██
██████  ██████  ██████  ██████  ██████  ██  ██
██          ██  ██              ██          ██
██  ██████████████████  ██████████████████  ██
██  ██  ██                  ██      ██      ██
██████  ██████████████  ██████  ██  ██  ██  ██
██      ██      ██      ██      ██  ██  ██  ██
██████  ██  ██  ██████  ██  ██  ██  ██  ██████
██  ██      ██              ██  ██          ██
██  ██████  ██████  ██  ██  ██  ██  ██████  ██
██  ██  ██  ██      ██  ██  ██  ██      ██  ██
██  ██  ██████  ██████████████  ██  ██████  ██
██  ██      ██      ██  ██      ██      ██  ██
██  ██████  ██  ██████  ██  ██  ██████  ██████
██          ██  ██  ██      ██      ██      ██
██  ██████  ██  ██  ██████████████  ██████  ██
██  ██          ██      ██  ██  ██  ██  ██  ██
██  ██████████  ██  ██  ██  ██  ██████  ██  ██
██      ██      ██  ██  ██                  ██
██  ██████████  ██  ██  ██████  ██  ██████████
██  ██      ██      ██      ██  ██          ██
██  ██████  ██  ██  ██████  ██████  ██  ██  ██
██  ██          ██      ██      ██  ██  ██  ██
██████████████████████████████████████████████
██████████████████████████████████████████████
?[1;31m
Start test 11?[0m
Please, enter the size of a maze
> 34 23
██████████████████████████████████████████████
                        ██          ██      ██
██  ██████  ██████  ██████  ██████  ██  ██████
██  ██  ██  ██          ██  ██      ██        
██████  ██████  ██████  ██  ██████  ██  ██████
██                  ██          ██          ██
██  ██  ██  ██████  ██  ██  ██  ██  ██  ██████
██  ██  ██  ██      ██  ██  ██  ██  ██      ██
██████████████  ██████  ██████  ██████████  ██
██                  ██      ██  ██  ██      ██
██████  ██████████  ██████████  ██  ██████████
██  ██  ██          ██          ██          ██
██  ██  ██████████  ██  ██████████  ██  ██  ██
██      ██  ██      ██      ██      ██  ██  ██
██  ██  ██  ██████  ██████  ██████  ██████████
██  ██          ██      ██                  ██
██  ██  ██████  ██  ██████  ██████████████████
██  ██      ██  ██      ██          ██      ██
██  ██████  ██  ██  ██  ██  ██  ██████  ██████
██      ██  ██  ██  ██  ██  ██      ██      ██
██  ██  ██  ██  ██  ██  ██████  ██  ██████  ██
██  ██  ██  ██  ██  ██      ██  ██  ██      ██
██  ██  ██  ██████████  ██████████████  ██████
██  ██  ██  ██      ██          ██          ██
██████  ██  ██  ██████  ██████████████  ██████
██      ██      ██      ██      ██      ██  ██
██  ██  ██  ██████████  ██  ██████████  ██  ██
██  ██  ██      ██                          ██
██  ██  ██  ██████████  ██  ██████  ██████████
██  ██  ██  ██          ██      ██          ██
██████████  ██████  ██  ██  ██  ██  ██  ██  ██
██              ██  ██  ██  ██  ██  ██  ██  ██
██████████████████████████████████████████████
██████████████████████████████████████████████
?[1;31m
Start test 12?[0m
Please, enter the size of a maze
> 34 23
██████████████████████████████████████████████
                        ██                  ██
██  ██████████████  ██████  ██████████  ██████
██  ██                              ██        
██  ██  ██  ██████  ██████████████████████████
██  ██  ██      ██  ██      ██      ██  ██  ██
██  ██████  ██████  ██████  ██  ██████  ██  ██
██  ██  ██      ██          ██  ██          ██
██  ██  ██████████  ██  ██  ██  ██  ██████  ██
██      ██  ██      ██  ██              ██  ██
██████████  ██  ██  ██  ██  ██  ██████████  ██
██              ██  ██  ██  ██      ██      ██
██  ██  ██  ██  ██████████  ██████████  ██████
██  ██  ██  ██  ██  ██      ██  ██          ██
██████  ██████████  ██████████  ██  ██████  ██
██                          ██      ██      ██
██  ██  ██  ██  ██  ██████  ██  ██  ██████  ██
██  ██  ██  ██  ██  ██      ██  ██      ██  ██
██████  ██  ██  ██  ██  ██  ██████  ██  ██████
██      ██  ██  ██  ██  ██      ██  ██      ██
██████████████  ██  ██  ██████████████████  ██
██      ██      ██  ██                  ██  ██
██████  ██  ██████  ██████████████  ██  ██  ██
██          ██      ██  ██      ██  ██  ██  ██
██  ██████████████  ██  ██  ██████████████  ██
██  ██              ██                  ██  ██
██  ██████  ██  ██████  ██████████████  ██████
██  ██      ██  ██  ██  ██                  ██
██  ██  ██  ██  ██  ██  ██████████  ██  ██  ██
██  ██  ██  ██                  ██  ██  ██  ██
██  ██  ██████  ██  ██████████████████  ██  ██
██  ██      ██  ██                  ██  ██  ██
██████████████████████████████████████████████
██████████████████████████████████████████████
?[1;31m
Start test 13?[0m
Please, enter the size of a maze
> 34 23
██████████████████████████████████████████████
                                    ██      ██
██  ██████████████  ██  ██  ██████  ██  ██████
██  ██          ██  ██  ██  ██                
██  ██  ██  ██████████████████  ██  ██  ██  ██
██  ██  ██              ██      ██  ██  ██  ██
██████  ██████  ██████  ██  ██████████  ██  ██
██          ██      ██  ██          ██  ██  ██
██  ██  ██  ██  ██  ██████████████  ██████████
██  ██  ██  ██  ██          ██              ██
██  ██████████████  ██████  ██████  ██████  ██
██          ██      ██              ██      ██
██  ██████  ██  ██  ██  ██████  ██  ██████████
██  ██  ██  ██  ██  ██  ██      ██          ██
██  ██  ██  ██████████████████  ██████████████
██  ██              ██      ██          ██  ██
██  ██████████████████████  ██  ██  ██████  ██
██      ██      ██              ██          ██
██  ██  ██████  ██████  ██  ██  ██████  ██  ██
██  ██          ██  ██  ██  ██      ██  ██  ██
██  ██  ██████████  ██████████  ██  ██████  ██
██  ██      ██                  ██      ██  ██
██████  ██████████████  ██  ██  ██████  ██  ██
██      ██  ██      ██  ██  ██      ██  ██  ██
██████  ██  ██  ██████████  ██████████████  ██
██                  ██      ██          ██  ██
██████  ██  ██████████████  ██████  ██████  ██
██  ██  ██      ██      ██      ██  ██      ██
██  ██  ██  ██  ██  ██████  ██████  ██  ██████
██      ██  ██  ██          ██      ██      ██
██  ██  ██  ██████  ██████  ██  ██████  ██████
██  ██  ██  ██      ██              ██      ██
██████████████████████████████████████████████
██████████████████████████████████████████████
?[1;31m
Start test 14?[0m
Please, enter the size of a maze
> 34 23
██████████████████████████████████████████████
                                    ██      ██
██  ██  ██████  ██  ██████  ██████  ██  ██████
██  ██  ██      ██  ██          ██            
██  ██████  ██████  ██  ██████████████████████
██  ██          ██  ██          ██  ██      ██
██████  ██  ██  ██  ██  ██████  ██  ██  ██████
██      ██  ██  ██  ██  ██                  ██
██████████████████████  ██████  ██████████████
██      ██              ██  ██  ██          ██
██  ██  ██  ██████  ██  ██  ██████  ██  ██  ██
██  ██      ██      ██  ██      ██  ██  ██  ██
██  ██████████████  ██████  ██████  ██  ██  ██
██          ██                  ██  ██  ██  ██
██  ██████  ██  ██  ██████  ██  ██  ██  ██  ██
██      ██  ██  ██      ██  ██  ██  ██  ██  ██
██████  ██  ██████  ██  ██  ██████  ██████████
██      ██  ██  ██  ██  ██      ██          ██
██  ██  ██████  ██████  ██  ██  ██  ██████████
██  ██      ██      ██  ██  ██  ██          ██
██████████████████  ██  ██████  ██  ██████  ██
██      ██  ██          ██  ██          ██  ██
██████  ██  ██████  ██████  ██  ██████████  ██
██  ██          ██  ██          ██          ██
██  ██████  ██████  ██████  ██  ██  ██  ██████
██      ██              ██  ██  ██  ██      ██
██████  ██  ██████████  ██████████  ██████████
██          ██  ██              ██          ██
██  ██  ██  ██  ██  ██████  ██████  ██  ██████
██  ██  ██  ██          ██  ██  ██  ██      ██
██  ██████████████  ██████  ██  ██  ██████  ██
██      ██              ██      ██      ██  ██
██████████████████████████████████████████████
██████████████████████████████████████████████
?[1;31m
Start test 15?[0m
Please, enter the size of a maze
> 34 23
██████████████████████████████████████████████
                                            ██
██  ██  ██  ██████████████████  ██  ██████  ██
██  ██  ██              ██  ██  ██  ██        
██  ██  ██████████████████  ██████████  ██  ██
██  ██              ██              ██  ██  ██
██  ██  ██  ██  ██  ██  ██  ██████  ██  ██████
██  ██  ██  ██  ██  ██  ██  ██              ██
██  ██████████  ██  ██████  ██  ██  ██  ██  ██
██  ██  ██  ██  ██  ██      ██  ██  ██  ██  ██
██  ██  ██  ██████████  ██████  ██  ██████████
██              ██      ██  ██  ██          ██
██  ██████  ██  ██  ██  ██  ██████  ██████████
██      ██  ██  ██  ██  ██      ██      ██  ██
██████████████  ██  ██████████  ██  ██████  ██
██      ██      ██  ██          ██  ██  ██  ██
██  ██  ██████  ██  ██████████  ██████  ██  ██
██  ██          ██      ██  ██      ██      ██
██  ██  ██  ██████  ██████  ██  ██████  ██  ██
██  ██  ██  ██              ██          ██  ██
██████  ██████████████  ██████████  ██████  ██
██      ██      ██          ██          ██  ██
██  ██  ██  ██████  ██████  ██████  ██  ██  ██
██  ██  ██  ██  ██      ██          ██  ██  ██
██  ██████  ██  ██  ██  ██████  ██  ██  ██  ██
██  ██              ██  ██      ██  ██  ██  ██
██████  ██  ██  ██████████  ██  ██  ██  ██  ██
██      ██  ██          ██  ██  ██  ██  ██  ██
██  ██  ██  ██  ██  ██  ██████████████  ██  ██
██  ██  ██  ██  ██  ██  ██              ██  ██
██  ██████████  ██████████  ██████  ██  ██  ██
██      ██              ██  ██      ██  ██  ██
██████████████████████████████████████████████
██████████████████████████████████████████████
?[1;31m
Start test 16?[0m
Please, enter the size of a maze
> 34 23
██████████████████████████████████████████████
            ██      ██                      ██
██████  ██  ██████  ██  ██████  ██  ██  ██████
██      ██      ██      ██  ██  ██  ██        
██  ██  ██████  ██  ██████  ██  ██████████████
██  ██      ██          ██          ██  ██  ██
██  ██████  ██████████  ██  ██  ██  ██  ██  ██
██      ██          ██  ██  ██  ██          ██
██  ██████████████████  ██  ██  ██  ██████  ██
██  ██      ██          ██  ██  ██      ██  ██
██████  ██  ██████  ██████████  ██████████████
██      ██  ██  ██          ██      ██      ██
██  ██████  ██  ██  ██  ██  ██████████  ██████
██      ██      ██  ██  ██  ██      ██      ██
██  ██████████  ██  ██████████  ██████  ██  ██
██  ██          ██                      ██  ██
██████████████  ██████████████  ██  ██████  ██
██                  ██          ██  ██      ██
██  ██████████  ██████  ██  ██████  ██  ██  ██
██      ██          ██  ██  ██      ██  ██  ██
██  ██████████  ██████████████████  ██  ██  ██
██  ██                              ██  ██  ██
██████  ██  ██  ██████████████████  ██████  ██
██      ██  ██                  ██      ██  ██
██  ██  ██████  ██  ██████████████  ██  ██  ██
██  ██      ██  ██  ██  ██          ██  ██  ██
██████████  ██████████  ██████  ██████  ██  ██
██                      ██  ██      ██  ██  ██
██████  ██████  ██  ██  ██  ██  ██████████████
██          ██  ██  ██  ██                  ██
██  ██████  ██  ██████  ██████  ██  ██████████
██      ██  ██  ██          ██  ██          ██
██████████████████████████████████████████████
██████████████████████████████████████████████
?[1;31m
Start test 17?[0m
Please, enter the size of a maze
> 34 23
██████████████████████████████████████████████
            ██              ██  ██  ██      ██
██  ██████  ██████  ██████████  ██  ██  ██████
██  ██      ██              ██          ██    
██  ██████████████  ██████████  ██████  ██  ██
██  ██      ██              ██      ██      ██
██  ██████  ██████  ██  ██████  ██████████  ██
██  ██          ██  ██      ██  ██      ██  ██
██  ██  ██████  ██  ██  ██  ██████  ██████  ██
██          ██      ██  ██                  ██
██████████  ██████████  ██████████████████  ██
██              ██                      ██  ██
██████  ██  ██████  ██████  ██  ██  ██████  ██
██      ██      ██  ██      ██  ██      ██  ██
██  ██████  ██  ██████████  ██  ██████████  ██
██      ██  ██          ██  ██          ██  ██
██  ██  ██████████  ██████  ██  ██████  ██████
██  ██      ██      ██  ██  ██  ██  ██      ██
██  ██████████  ██  ██  ██  ██████  ██████████
██      ██      ██      ██              ██  ██
██  ██  ██  ██  ██  ██████████████████  ██  ██
██  ██  ██  ██  ██  ██                      ██
██  ██████  ██  ██████████  ██████  ██  ██  ██
██      ██  ██          ██  ██      ██  ██  ██
██  ██  ██  ██████  ██████  ██  ██████  ██  ██
██  ██  ██  ██          ██  ██      ██  ██  ██
██  ██  ██████████  ██  ██  ██████████  ██████
██  ██  ██      ██  ██  ██  ██              ██
██████  ██████  ██████████  ██  ██████  ██████
██          ██              ██  ██          ██
██  ██  ██████  ██  ██  ██  ██  ██████  ██  ██
██  ██  ██      ██  ██  ██  ██      ██  ██  ██
██████████████████████████████████████████████
██████████████████████████████████████████████
]]></system-out>
  <system-err><![CDATA[]]></system-err>
</testsuite>
