<?xml version="1.0" encoding="UTF-8"?>
<testsuite name="MazeRunnerTest" tests="1" skipped="0" failures="0" errors="0" timestamp="2022-09-23T07:20:42" hostname="DESKTOP-5U6L102" time="0.154">
  <properties/>
  <testcase name="start" classname="MazeRunnerTest" time="0.154"/>
  <system-out><![CDATA[?[1;31m
Start test 1?[0m
████████████████████
    ██  ██  ██    ██
██  ██      ██  ████
██      ██████      
██  ██          ████
██  ██  ██████  ████
██  ██  ██      ████
██  ██  ██████  ████
██  ██      ██    ██
████████████████████
]]></system-out>
  <system-err><![CDATA[]]></system-err>
</testsuite>
